build/app/intermediates/manifest_merge_blame_file/debug/manifest-merger-blame-debug-report.txt
1<?xml version="1.0" encoding="utf-8"?>
2<manifest xmlns:android="http://schemas.android.com/apk/res/android"
3    package="com.nav.jagrata"
4    android:versionCode="1"
5    android:versionName="1.0" >
6
7    <uses-sdk
8        android:minSdkVersion="23"
9        android:targetSdkVersion="34" />
10    <!--
11         The INTERNET permission is required for development. Specifically,
12         the Flutter tool needs it to communicate with the running application
13         to allow setting breakpoints, to provide hot reload, etc.
14    -->
15    <uses-permission android:name="android.permission.INTERNET" />
15-->src/debug/AndroidManifest.xml:6:5-66
15-->src/debug/AndroidManifest.xml:6:22-64
16    <!-- Add these permissions -->
17    <uses-permission android:name="android.permission.ACCESS_FINE_LOCATION" />
17-->src/main/AndroidManifest.xml:4:5-79
17-->src/main/AndroidManifest.xml:4:22-76
18    <uses-permission android:name="android.permission.ACCESS_COARSE_LOCATION" />
18-->src/main/AndroidManifest.xml:5:5-81
18-->src/main/AndroidManifest.xml:5:22-78
19    <!--
20 Required to query activities that can process text, see:
21         https://developer.android.com/training/package-visibility and
22         https://developer.android.com/reference/android/content/Intent#ACTION_PROCESS_TEXT.
23
24         In particular, this is used by the Flutter engine in io.flutter.plugin.text.ProcessTextPlugin.
25    -->
26    <queries>
26-->src/main/AndroidManifest.xml:49:5-54:15
27        <intent>
27-->src/main/AndroidManifest.xml:50:9-53:18
28            <action android:name="android.intent.action.PROCESS_TEXT" />
28-->src/main/AndroidManifest.xml:51:13-72
28-->src/main/AndroidManifest.xml:51:21-70
29
30            <data android:mimeType="text/plain" />
30-->src/main/AndroidManifest.xml:52:13-50
30-->src/main/AndroidManifest.xml:52:19-48
31        </intent>
32        <intent>
32-->[:file_picker] AndroidManifest.xml:10:9-14:18
33            <action android:name="android.intent.action.GET_CONTENT" />
33-->[:file_picker] AndroidManifest.xml:11:13-72
33-->[:file_picker] AndroidManifest.xml:11:21-69
34
35            <data android:mimeType="*/*" />
35-->src/main/AndroidManifest.xml:52:13-50
35-->src/main/AndroidManifest.xml:52:19-48
36        </intent> <!-- Needs to be explicitly declared on Android R+ -->
37        <package android:name="com.google.android.apps.maps" />
37-->[com.google.android.gms:play-services-maps:18.2.0] AndroidManifest.xml:33:9-64
37-->[com.google.android.gms:play-services-maps:18.2.0] AndroidManifest.xml:33:18-61
38    </queries>
39
40    <uses-permission android:name="android.permission.READ_EXTERNAL_STORAGE" />
40-->[:file_picker] AndroidManifest.xml:7:5-80
40-->[:file_picker] AndroidManifest.xml:7:22-77
41    <uses-permission android:name="android.permission.ACCESS_NETWORK_STATE" />
41-->[:firebase_analytics] AndroidManifest.xml:7:5-79
41-->[:firebase_analytics] AndroidManifest.xml:7:22-76
42    <uses-permission android:name="android.permission.WAKE_LOCK" />
42-->[:firebase_analytics] AndroidManifest.xml:9:5-68
42-->[:firebase_analytics] AndroidManifest.xml:9:22-65
43    <uses-permission android:name="com.google.android.providers.gsf.permission.READ_GSERVICES" />
43-->[com.google.android.recaptcha:recaptcha:18.5.1] AndroidManifest.xml:9:5-98
43-->[com.google.android.recaptcha:recaptcha:18.5.1] AndroidManifest.xml:9:22-95
44
45    <uses-feature
45-->[com.google.android.gms:play-services-maps:18.2.0] AndroidManifest.xml:26:5-28:35
46        android:glEsVersion="0x00020000"
46-->[com.google.android.gms:play-services-maps:18.2.0] AndroidManifest.xml:27:9-41
47        android:required="true" />
47-->[com.google.android.gms:play-services-maps:18.2.0] AndroidManifest.xml:28:9-32
48
49    <uses-permission android:name="com.google.android.finsky.permission.BIND_GET_INSTALL_REFERRER_SERVICE" />
49-->[com.google.android.gms:play-services-measurement:22.2.0] AndroidManifest.xml:26:5-110
49-->[com.google.android.gms:play-services-measurement:22.2.0] AndroidManifest.xml:26:22-107
50    <uses-permission android:name="com.google.android.gms.permission.AD_ID" />
50-->[com.google.android.gms:play-services-measurement-api:22.2.0] AndroidManifest.xml:25:5-79
50-->[com.google.android.gms:play-services-measurement-api:22.2.0] AndroidManifest.xml:25:22-76
51    <uses-permission android:name="android.permission.ACCESS_ADSERVICES_ATTRIBUTION" />
51-->[com.google.android.gms:play-services-measurement-api:22.2.0] AndroidManifest.xml:26:5-88
51-->[com.google.android.gms:play-services-measurement-api:22.2.0] AndroidManifest.xml:26:22-85
52    <uses-permission android:name="android.permission.ACCESS_ADSERVICES_AD_ID" />
52-->[com.google.android.gms:play-services-measurement-api:22.2.0] AndroidManifest.xml:27:5-82
52-->[com.google.android.gms:play-services-measurement-api:22.2.0] AndroidManifest.xml:27:22-79
53
54    <permission
54-->[androidx.core:core:1.13.1] AndroidManifest.xml:22:5-24:47
55        android:name="com.nav.jagrata.DYNAMIC_RECEIVER_NOT_EXPORTED_PERMISSION"
55-->[androidx.core:core:1.13.1] AndroidManifest.xml:23:9-81
56        android:protectionLevel="signature" />
56-->[androidx.core:core:1.13.1] AndroidManifest.xml:24:9-44
57
58    <uses-permission android:name="com.nav.jagrata.DYNAMIC_RECEIVER_NOT_EXPORTED_PERMISSION" />
58-->[androidx.core:core:1.13.1] AndroidManifest.xml:26:5-97
58-->[androidx.core:core:1.13.1] AndroidManifest.xml:26:22-94
59
60    <application
61        android:name="android.app.Application"
62        android:appComponentFactory="androidx.core.app.CoreComponentFactory"
62-->[androidx.core:core:1.13.1] AndroidManifest.xml:28:18-86
63        android:debuggable="true"
64        android:extractNativeLibs="false"
65        android:hardwareAccelerated="true"
66        android:icon="@mipmap/ic_launcher"
67        android:label="jagrata" >
68        <activity
69            android:name="com.nav.jagrata.MainActivity"
70            android:configChanges="orientation|keyboardHidden|keyboard|screenSize|smallestScreenSize|locale|layoutDirection|fontScale|screenLayout|density|uiMode"
71            android:exported="true"
72            android:hardwareAccelerated="true"
73            android:launchMode="singleTop"
74            android:taskAffinity=""
75            android:theme="@style/LaunchTheme"
76            android:windowSoftInputMode="adjustResize" >
77
78            <!--
79                 Specifies an Android theme to apply to this Activity as soon as
80                 the Android process has started. This theme is visible to the user
81                 while the Flutter UI initializes. After that, this theme continues
82                 to determine the Window background behind the Flutter UI.
83            -->
84            <meta-data
85                android:name="io.flutter.embedding.android.NormalTheme"
86                android:resource="@style/NormalTheme" />
87
88            <intent-filter>
89                <action android:name="android.intent.action.MAIN" />
90
91                <category android:name="android.intent.category.LAUNCHER" />
92            </intent-filter>
93            <!-- Add these lines for high refresh rate support -->
94            <meta-data
95                android:name="android.max_aspect"
96                android:value="2.1" />
97        </activity>
98        <!--
99             Don't delete the meta-data below.
100             This is used by the Flutter tool to generate GeneratedPluginRegistrant.java
101        -->
102        <meta-data
103            android:name="flutterEmbedding"
104            android:value="2" />
105
106        <service
106-->[:cloud_firestore] AndroidManifest.xml:8:9-12:19
107            android:name="com.google.firebase.components.ComponentDiscoveryService"
107-->[:cloud_firestore] AndroidManifest.xml:8:18-89
108            android:directBootAware="true"
108-->[com.google.firebase:firebase-common:21.0.0] AndroidManifest.xml:32:13-43
109            android:exported="false" >
109-->[com.google.firebase:firebase-auth:23.1.0] AndroidManifest.xml:68:13-37
110            <meta-data
110-->[:cloud_firestore] AndroidManifest.xml:9:13-11:85
111                android:name="com.google.firebase.components:io.flutter.plugins.firebase.firestore.FlutterFirebaseFirestoreRegistrar"
111-->[:cloud_firestore] AndroidManifest.xml:10:17-134
112                android:value="com.google.firebase.components.ComponentRegistrar" />
112-->[:cloud_firestore] AndroidManifest.xml:11:17-82
113            <meta-data
113-->[:firebase_analytics] AndroidManifest.xml:13:13-15:85
114                android:name="com.google.firebase.components:io.flutter.plugins.firebase.analytics.FlutterFirebaseAppRegistrar"
114-->[:firebase_analytics] AndroidManifest.xml:14:17-128
115                android:value="com.google.firebase.components.ComponentRegistrar" />
115-->[:firebase_analytics] AndroidManifest.xml:15:17-82
116            <meta-data
116-->[:firebase_app_check] AndroidManifest.xml:9:13-11:85
117                android:name="com.google.firebase.components:io.flutter.plugins.firebase.appcheck.FlutterFirebaseAppRegistrar"
117-->[:firebase_app_check] AndroidManifest.xml:10:17-127
118                android:value="com.google.firebase.components.ComponentRegistrar" />
118-->[:firebase_app_check] AndroidManifest.xml:11:17-82
119            <meta-data
119-->[:firebase_auth] AndroidManifest.xml:9:13-11:85
120                android:name="com.google.firebase.components:io.flutter.plugins.firebase.auth.FlutterFirebaseAuthRegistrar"
120-->[:firebase_auth] AndroidManifest.xml:10:17-124
121                android:value="com.google.firebase.components.ComponentRegistrar" />
121-->[:firebase_auth] AndroidManifest.xml:11:17-82
122            <meta-data
122-->[:firebase_storage] AndroidManifest.xml:9:13-11:85
123                android:name="com.google.firebase.components:io.flutter.plugins.firebase.storage.FlutterFirebaseAppRegistrar"
123-->[:firebase_storage] AndroidManifest.xml:10:17-126
124                android:value="com.google.firebase.components.ComponentRegistrar" />
124-->[:firebase_storage] AndroidManifest.xml:11:17-82
125            <meta-data
125-->[:firebase_core] AndroidManifest.xml:9:13-11:85
126                android:name="com.google.firebase.components:io.flutter.plugins.firebase.core.FlutterFirebaseCoreRegistrar"
126-->[:firebase_core] AndroidManifest.xml:10:17-124
127                android:value="com.google.firebase.components.ComponentRegistrar" />
127-->[:firebase_core] AndroidManifest.xml:11:17-82
128            <meta-data
128-->[com.google.firebase:firebase-auth:23.1.0] AndroidManifest.xml:69:13-71:85
129                android:name="com.google.firebase.components:com.google.firebase.auth.FirebaseAuthRegistrar"
129-->[com.google.firebase:firebase-auth:23.1.0] AndroidManifest.xml:70:17-109
130                android:value="com.google.firebase.components.ComponentRegistrar" />
130-->[com.google.firebase:firebase-auth:23.1.0] AndroidManifest.xml:71:17-82
131            <meta-data
131-->[com.google.firebase:firebase-vertexai:16.0.2] AndroidManifest.xml:29:13-31:85
132                android:name="com.google.firebase.components:com.google.firebase.vertexai.FirebaseVertexAIRegistrar"
132-->[com.google.firebase:firebase-vertexai:16.0.2] AndroidManifest.xml:30:17-117
133                android:value="com.google.firebase.components.ComponentRegistrar" />
133-->[com.google.firebase:firebase-vertexai:16.0.2] AndroidManifest.xml:31:17-82
134            <meta-data
134-->[com.google.firebase:firebase-firestore:25.1.1] AndroidManifest.xml:17:13-19:85
135                android:name="com.google.firebase.components:com.google.firebase.firestore.FirebaseFirestoreKtxRegistrar"
135-->[com.google.firebase:firebase-firestore:25.1.1] AndroidManifest.xml:18:17-122
136                android:value="com.google.firebase.components.ComponentRegistrar" />
136-->[com.google.firebase:firebase-firestore:25.1.1] AndroidManifest.xml:19:17-82
137            <meta-data
137-->[com.google.firebase:firebase-firestore:25.1.1] AndroidManifest.xml:20:13-22:85
138                android:name="com.google.firebase.components:com.google.firebase.firestore.FirestoreRegistrar"
138-->[com.google.firebase:firebase-firestore:25.1.1] AndroidManifest.xml:21:17-111
139                android:value="com.google.firebase.components.ComponentRegistrar" />
139-->[com.google.firebase:firebase-firestore:25.1.1] AndroidManifest.xml:22:17-82
140            <meta-data
140-->[com.google.android.gms:play-services-measurement-api:22.2.0] AndroidManifest.xml:33:13-35:85
141                android:name="com.google.firebase.components:com.google.firebase.analytics.connector.internal.AnalyticsConnectorRegistrar"
141-->[com.google.android.gms:play-services-measurement-api:22.2.0] AndroidManifest.xml:34:17-139
142                android:value="com.google.firebase.components.ComponentRegistrar" />
142-->[com.google.android.gms:play-services-measurement-api:22.2.0] AndroidManifest.xml:35:17-82
143            <meta-data
143-->[com.google.firebase:firebase-appcheck-safetynet:16.1.2] AndroidManifest.xml:27:13-29:85
144                android:name="com.google.firebase.components:com.google.firebase.appcheck.safetynet.FirebaseAppCheckSafetyNetRegistrar"
144-->[com.google.firebase:firebase-appcheck-safetynet:16.1.2] AndroidManifest.xml:28:17-136
145                android:value="com.google.firebase.components.ComponentRegistrar" />
145-->[com.google.firebase:firebase-appcheck-safetynet:16.1.2] AndroidManifest.xml:29:17-82
146            <meta-data
146-->[com.google.firebase:firebase-appcheck-playintegrity:18.0.0] AndroidManifest.xml:25:13-27:85
147                android:name="com.google.firebase.components:com.google.firebase.appcheck.playintegrity.FirebaseAppCheckPlayIntegrityRegistrar"
147-->[com.google.firebase:firebase-appcheck-playintegrity:18.0.0] AndroidManifest.xml:26:17-144
148                android:value="com.google.firebase.components.ComponentRegistrar" />
148-->[com.google.firebase:firebase-appcheck-playintegrity:18.0.0] AndroidManifest.xml:27:17-82
149            <meta-data
149-->[com.google.firebase:firebase-storage:21.0.1] AndroidManifest.xml:30:13-32:85
150                android:name="com.google.firebase.components:com.google.firebase.storage.FirebaseStorageKtxRegistrar"
150-->[com.google.firebase:firebase-storage:21.0.1] AndroidManifest.xml:31:17-118
151                android:value="com.google.firebase.components.ComponentRegistrar" />
151-->[com.google.firebase:firebase-storage:21.0.1] AndroidManifest.xml:32:17-82
152            <meta-data
152-->[com.google.firebase:firebase-storage:21.0.1] AndroidManifest.xml:33:13-35:85
153                android:name="com.google.firebase.components:com.google.firebase.storage.StorageRegistrar"
153-->[com.google.firebase:firebase-storage:21.0.1] AndroidManifest.xml:34:17-107
154                android:value="com.google.firebase.components.ComponentRegistrar" />
154-->[com.google.firebase:firebase-storage:21.0.1] AndroidManifest.xml:35:17-82
155            <meta-data
155-->[com.google.firebase:firebase-appcheck-debug:18.0.0] AndroidManifest.xml:25:13-27:85
156                android:name="com.google.firebase.components:com.google.firebase.appcheck.debug.FirebaseAppCheckDebugRegistrar"
156-->[com.google.firebase:firebase-appcheck-debug:18.0.0] AndroidManifest.xml:26:17-128
157                android:value="com.google.firebase.components.ComponentRegistrar" />
157-->[com.google.firebase:firebase-appcheck-debug:18.0.0] AndroidManifest.xml:27:17-82
158            <meta-data
158-->[com.google.firebase:firebase-appcheck:18.0.0] AndroidManifest.xml:25:13-27:85
159                android:name="com.google.firebase.components:com.google.firebase.appcheck.FirebaseAppCheckKtxRegistrar"
159-->[com.google.firebase:firebase-appcheck:18.0.0] AndroidManifest.xml:26:17-120
160                android:value="com.google.firebase.components.ComponentRegistrar" />
160-->[com.google.firebase:firebase-appcheck:18.0.0] AndroidManifest.xml:27:17-82
161            <meta-data
161-->[com.google.firebase:firebase-appcheck:18.0.0] AndroidManifest.xml:28:13-30:85
162                android:name="com.google.firebase.components:com.google.firebase.appcheck.FirebaseAppCheckRegistrar"
162-->[com.google.firebase:firebase-appcheck:18.0.0] AndroidManifest.xml:29:17-117
163                android:value="com.google.firebase.components.ComponentRegistrar" />
163-->[com.google.firebase:firebase-appcheck:18.0.0] AndroidManifest.xml:30:17-82
164            <meta-data
164-->[com.google.firebase:firebase-installations:18.0.0] AndroidManifest.xml:15:13-17:85
165                android:name="com.google.firebase.components:com.google.firebase.installations.FirebaseInstallationsKtxRegistrar"
165-->[com.google.firebase:firebase-installations:18.0.0] AndroidManifest.xml:16:17-130
166                android:value="com.google.firebase.components.ComponentRegistrar" />
166-->[com.google.firebase:firebase-installations:18.0.0] AndroidManifest.xml:17:17-82
167            <meta-data
167-->[com.google.firebase:firebase-installations:18.0.0] AndroidManifest.xml:18:13-20:85
168                android:name="com.google.firebase.components:com.google.firebase.installations.FirebaseInstallationsRegistrar"
168-->[com.google.firebase:firebase-installations:18.0.0] AndroidManifest.xml:19:17-127
169                android:value="com.google.firebase.components.ComponentRegistrar" />
169-->[com.google.firebase:firebase-installations:18.0.0] AndroidManifest.xml:20:17-82
170            <meta-data
170-->[com.google.firebase:firebase-common-ktx:21.0.0] AndroidManifest.xml:12:13-14:85
171                android:name="com.google.firebase.components:com.google.firebase.ktx.FirebaseCommonLegacyRegistrar"
171-->[com.google.firebase:firebase-common-ktx:21.0.0] AndroidManifest.xml:13:17-116
172                android:value="com.google.firebase.components.ComponentRegistrar" />
172-->[com.google.firebase:firebase-common-ktx:21.0.0] AndroidManifest.xml:14:17-82
173            <meta-data
173-->[com.google.firebase:firebase-common:21.0.0] AndroidManifest.xml:35:13-37:85
174                android:name="com.google.firebase.components:com.google.firebase.FirebaseCommonKtxRegistrar"
174-->[com.google.firebase:firebase-common:21.0.0] AndroidManifest.xml:36:17-109
175                android:value="com.google.firebase.components.ComponentRegistrar" />
175-->[com.google.firebase:firebase-common:21.0.0] AndroidManifest.xml:37:17-82
176        </service>
177        <service
177-->[:geolocator_android] AndroidManifest.xml:8:9-12:56
178            android:name="com.baseflow.geolocator.GeolocatorLocationService"
178-->[:geolocator_android] AndroidManifest.xml:9:13-77
179            android:enabled="true"
179-->[:geolocator_android] AndroidManifest.xml:10:13-35
180            android:exported="false"
180-->[:geolocator_android] AndroidManifest.xml:11:13-37
181            android:foregroundServiceType="location" />
181-->[:geolocator_android] AndroidManifest.xml:12:13-53
182
183        <activity
183-->[:url_launcher_android] AndroidManifest.xml:8:9-11:74
184            android:name="io.flutter.plugins.urllauncher.WebViewActivity"
184-->[:url_launcher_android] AndroidManifest.xml:9:13-74
185            android:exported="false"
185-->[:url_launcher_android] AndroidManifest.xml:10:13-37
186            android:theme="@android:style/Theme.NoTitleBar.Fullscreen" />
186-->[:url_launcher_android] AndroidManifest.xml:11:13-71
187        <activity
187-->[com.google.firebase:firebase-auth:23.1.0] AndroidManifest.xml:29:9-46:20
188            android:name="com.google.firebase.auth.internal.GenericIdpActivity"
188-->[com.google.firebase:firebase-auth:23.1.0] AndroidManifest.xml:30:13-80
189            android:excludeFromRecents="true"
189-->[com.google.firebase:firebase-auth:23.1.0] AndroidManifest.xml:31:13-46
190            android:exported="true"
190-->[com.google.firebase:firebase-auth:23.1.0] AndroidManifest.xml:32:13-36
191            android:launchMode="singleTask"
191-->[com.google.firebase:firebase-auth:23.1.0] AndroidManifest.xml:33:13-44
192            android:theme="@android:style/Theme.Translucent.NoTitleBar" >
192-->[com.google.firebase:firebase-auth:23.1.0] AndroidManifest.xml:34:13-72
193            <intent-filter>
193-->[com.google.firebase:firebase-auth:23.1.0] AndroidManifest.xml:35:13-45:29
194                <action android:name="android.intent.action.VIEW" />
194-->[com.google.firebase:firebase-auth:23.1.0] AndroidManifest.xml:36:17-69
194-->[com.google.firebase:firebase-auth:23.1.0] AndroidManifest.xml:36:25-66
195
196                <category android:name="android.intent.category.DEFAULT" />
196-->[com.google.firebase:firebase-auth:23.1.0] AndroidManifest.xml:38:17-76
196-->[com.google.firebase:firebase-auth:23.1.0] AndroidManifest.xml:38:27-73
197                <category android:name="android.intent.category.BROWSABLE" />
197-->[com.google.firebase:firebase-auth:23.1.0] AndroidManifest.xml:39:17-78
197-->[com.google.firebase:firebase-auth:23.1.0] AndroidManifest.xml:39:27-75
198
199                <data
199-->src/main/AndroidManifest.xml:52:13-50
200                    android:host="firebase.auth"
201                    android:path="/"
202                    android:scheme="genericidp" />
203            </intent-filter>
204        </activity>
205        <activity
205-->[com.google.firebase:firebase-auth:23.1.0] AndroidManifest.xml:47:9-64:20
206            android:name="com.google.firebase.auth.internal.RecaptchaActivity"
206-->[com.google.firebase:firebase-auth:23.1.0] AndroidManifest.xml:48:13-79
207            android:excludeFromRecents="true"
207-->[com.google.firebase:firebase-auth:23.1.0] AndroidManifest.xml:49:13-46
208            android:exported="true"
208-->[com.google.firebase:firebase-auth:23.1.0] AndroidManifest.xml:50:13-36
209            android:launchMode="singleTask"
209-->[com.google.firebase:firebase-auth:23.1.0] AndroidManifest.xml:51:13-44
210            android:theme="@android:style/Theme.Translucent.NoTitleBar" >
210-->[com.google.firebase:firebase-auth:23.1.0] AndroidManifest.xml:52:13-72
211            <intent-filter>
211-->[com.google.firebase:firebase-auth:23.1.0] AndroidManifest.xml:53:13-63:29
212                <action android:name="android.intent.action.VIEW" />
212-->[com.google.firebase:firebase-auth:23.1.0] AndroidManifest.xml:36:17-69
212-->[com.google.firebase:firebase-auth:23.1.0] AndroidManifest.xml:36:25-66
213
214                <category android:name="android.intent.category.DEFAULT" />
214-->[com.google.firebase:firebase-auth:23.1.0] AndroidManifest.xml:38:17-76
214-->[com.google.firebase:firebase-auth:23.1.0] AndroidManifest.xml:38:27-73
215                <category android:name="android.intent.category.BROWSABLE" />
215-->[com.google.firebase:firebase-auth:23.1.0] AndroidManifest.xml:39:17-78
215-->[com.google.firebase:firebase-auth:23.1.0] AndroidManifest.xml:39:27-75
216
217                <data
217-->src/main/AndroidManifest.xml:52:13-50
218                    android:host="firebase.auth"
219                    android:path="/"
220                    android:scheme="recaptcha" />
221            </intent-filter>
222        </activity>
223
224        <uses-library
224-->[androidx.window:window:1.2.0] AndroidManifest.xml:23:9-25:40
225            android:name="androidx.window.extensions"
225-->[androidx.window:window:1.2.0] AndroidManifest.xml:24:13-54
226            android:required="false" />
226-->[androidx.window:window:1.2.0] AndroidManifest.xml:25:13-37
227        <uses-library
227-->[androidx.window:window:1.2.0] AndroidManifest.xml:26:9-28:40
228            android:name="androidx.window.sidecar"
228-->[androidx.window:window:1.2.0] AndroidManifest.xml:27:13-51
229            android:required="false" /> <!-- Needs to be explicitly declared on P+ -->
229-->[androidx.window:window:1.2.0] AndroidManifest.xml:28:13-37
230        <uses-library
230-->[com.google.android.gms:play-services-maps:18.2.0] AndroidManifest.xml:39:9-41:40
231            android:name="org.apache.http.legacy"
231-->[com.google.android.gms:play-services-maps:18.2.0] AndroidManifest.xml:40:13-50
232            android:required="false" />
232-->[com.google.android.gms:play-services-maps:18.2.0] AndroidManifest.xml:41:13-37
233
234        <receiver
234-->[com.google.android.gms:play-services-measurement:22.2.0] AndroidManifest.xml:29:9-33:20
235            android:name="com.google.android.gms.measurement.AppMeasurementReceiver"
235-->[com.google.android.gms:play-services-measurement:22.2.0] AndroidManifest.xml:30:13-85
236            android:enabled="true"
236-->[com.google.android.gms:play-services-measurement:22.2.0] AndroidManifest.xml:31:13-35
237            android:exported="false" >
237-->[com.google.android.gms:play-services-measurement:22.2.0] AndroidManifest.xml:32:13-37
238        </receiver>
239
240        <service
240-->[com.google.android.gms:play-services-measurement:22.2.0] AndroidManifest.xml:35:9-38:40
241            android:name="com.google.android.gms.measurement.AppMeasurementService"
241-->[com.google.android.gms:play-services-measurement:22.2.0] AndroidManifest.xml:36:13-84
242            android:enabled="true"
242-->[com.google.android.gms:play-services-measurement:22.2.0] AndroidManifest.xml:37:13-35
243            android:exported="false" />
243-->[com.google.android.gms:play-services-measurement:22.2.0] AndroidManifest.xml:38:13-37
244        <service
244-->[com.google.android.gms:play-services-measurement:22.2.0] AndroidManifest.xml:39:9-43:72
245            android:name="com.google.android.gms.measurement.AppMeasurementJobService"
245-->[com.google.android.gms:play-services-measurement:22.2.0] AndroidManifest.xml:40:13-87
246            android:enabled="true"
246-->[com.google.android.gms:play-services-measurement:22.2.0] AndroidManifest.xml:41:13-35
247            android:exported="false"
247-->[com.google.android.gms:play-services-measurement:22.2.0] AndroidManifest.xml:42:13-37
248            android:permission="android.permission.BIND_JOB_SERVICE" />
248-->[com.google.android.gms:play-services-measurement:22.2.0] AndroidManifest.xml:43:13-69
249        <service
249-->[androidx.credentials:credentials-play-services-auth:1.2.0-rc01] AndroidManifest.xml:24:9-32:19
250            android:name="androidx.credentials.playservices.CredentialProviderMetadataHolder"
250-->[androidx.credentials:credentials-play-services-auth:1.2.0-rc01] AndroidManifest.xml:25:13-94
251            android:enabled="true"
251-->[androidx.credentials:credentials-play-services-auth:1.2.0-rc01] AndroidManifest.xml:26:13-35
252            android:exported="false" >
252-->[androidx.credentials:credentials-play-services-auth:1.2.0-rc01] AndroidManifest.xml:27:13-37
253            <meta-data
253-->[androidx.credentials:credentials-play-services-auth:1.2.0-rc01] AndroidManifest.xml:29:13-31:104
254                android:name="androidx.credentials.CREDENTIAL_PROVIDER_KEY"
254-->[androidx.credentials:credentials-play-services-auth:1.2.0-rc01] AndroidManifest.xml:30:17-76
255                android:value="androidx.credentials.playservices.CredentialProviderPlayServicesImpl" />
255-->[androidx.credentials:credentials-play-services-auth:1.2.0-rc01] AndroidManifest.xml:31:17-101
256        </service>
257
258        <activity
258-->[androidx.credentials:credentials-play-services-auth:1.2.0-rc01] AndroidManifest.xml:34:9-41:20
259            android:name="androidx.credentials.playservices.HiddenActivity"
259-->[androidx.credentials:credentials-play-services-auth:1.2.0-rc01] AndroidManifest.xml:35:13-76
260            android:configChanges="orientation|screenSize|screenLayout|keyboardHidden"
260-->[androidx.credentials:credentials-play-services-auth:1.2.0-rc01] AndroidManifest.xml:36:13-87
261            android:enabled="true"
261-->[androidx.credentials:credentials-play-services-auth:1.2.0-rc01] AndroidManifest.xml:37:13-35
262            android:exported="false"
262-->[androidx.credentials:credentials-play-services-auth:1.2.0-rc01] AndroidManifest.xml:38:13-37
263            android:fitsSystemWindows="true"
263-->[androidx.credentials:credentials-play-services-auth:1.2.0-rc01] AndroidManifest.xml:39:13-45
264            android:theme="@style/Theme.Hidden" >
264-->[androidx.credentials:credentials-play-services-auth:1.2.0-rc01] AndroidManifest.xml:40:13-48
265        </activity>
266        <activity
266-->[com.google.android.gms:play-services-auth:20.7.0] AndroidManifest.xml:23:9-27:75
267            android:name="com.google.android.gms.auth.api.signin.internal.SignInHubActivity"
267-->[com.google.android.gms:play-services-auth:20.7.0] AndroidManifest.xml:24:13-93
268            android:excludeFromRecents="true"
268-->[com.google.android.gms:play-services-auth:20.7.0] AndroidManifest.xml:25:13-46
269            android:exported="false"
269-->[com.google.android.gms:play-services-auth:20.7.0] AndroidManifest.xml:26:13-37
270            android:theme="@android:style/Theme.Translucent.NoTitleBar" />
270-->[com.google.android.gms:play-services-auth:20.7.0] AndroidManifest.xml:27:13-72
271        <!--
272            Service handling Google Sign-In user revocation. For apps that do not integrate with
273            Google Sign-In, this service will never be started.
274        -->
275        <service
275-->[com.google.android.gms:play-services-auth:20.7.0] AndroidManifest.xml:33:9-37:51
276            android:name="com.google.android.gms.auth.api.signin.RevocationBoundService"
276-->[com.google.android.gms:play-services-auth:20.7.0] AndroidManifest.xml:34:13-89
277            android:exported="true"
277-->[com.google.android.gms:play-services-auth:20.7.0] AndroidManifest.xml:35:13-36
278            android:permission="com.google.android.gms.auth.api.signin.permission.REVOCATION_NOTIFICATION"
278-->[com.google.android.gms:play-services-auth:20.7.0] AndroidManifest.xml:36:13-107